  main.cpp
V:\KYRSOVA\SOKOBAN1\SOKOBAN\SOKOBAN\main.cpp(9,19): warning C4305: инициализация: усечение из "double" в "float"
V:\KYRSOVA\SOKOBAN1\SOKOBAN\SOKOBAN\main.cpp(25,35): warning C4244: аргумент: преобразование "int" в "GLfloat", возможна потеря данных
V:\KYRSOVA\SOKOBAN1\SOKOBAN\SOKOBAN\main.cpp(25,28): warning C4244: аргумент: преобразование "int" в "GLfloat", возможна потеря данных
V:\KYRSOVA\SOKOBAN1\SOKOBAN\SOKOBAN\main.cpp(51,20): warning C4305: =: усечение из "double" в "float"
V:\KYRSOVA\SOKOBAN1\SOKOBAN\SOKOBAN\main.cpp(53,21): warning C4305: =: усечение из "double" в "float"
V:\KYRSOVA\SOKOBAN1\SOKOBAN\SOKOBAN\main.cpp(55,20): warning C4305: =: усечение из "double" в "float"
V:\KYRSOVA\SOKOBAN1\SOKOBAN\SOKOBAN\main.cpp(56,20): warning C4244: -=: преобразование "double" в "float", возможна потеря данных
V:\KYRSOVA\SOKOBAN1\SOKOBAN\SOKOBAN\main.cpp(59,20): warning C4305: =: усечение из "double" в "float"
V:\KYRSOVA\SOKOBAN1\SOKOBAN\SOKOBAN\main.cpp(60,20): warning C4244: +=: преобразование "double" в "float", возможна потеря данных
main.obj : error LNK2019: ссылка на неразрешенный внешний символ __imp_glutInitWindowSize в функции main.
main.obj : error LNK2019: ссылка на неразрешенный внешний символ __imp_glutInitDisplayMode в функции main.
main.obj : error LNK2019: ссылка на неразрешенный внешний символ __imp_glutMainLoop в функции main.
main.obj : error LNK2019: ссылка на неразрешенный внешний символ __imp_glutPostRedisplay в функции "void __cdecl Timer(int)" (?Timer@@YAXH@Z).
main.obj : error LNK2019: ссылка на неразрешенный внешний символ __imp_glutSwapBuffers в функции "void __cdecl RenderScene(void)" (?RenderScene@@YAXXZ).
main.obj : error LNK2019: ссылка на неразрешенный внешний символ __imp_glutTimerFunc в функции "void __cdecl Timer(int)" (?Timer@@YAXH@Z).
main.obj : error LNK2019: ссылка на неразрешенный внешний символ __imp_glutDisplayFunc в функции main.
main.obj : error LNK2019: ссылка на неразрешенный внешний символ __imp___glutInitWithExit в функции glutInit_ATEXIT_HACK.
main.obj : error LNK2019: ссылка на неразрешенный внешний символ __imp___glutCreateWindowWithExit в функции glutCreateWindow_ATEXIT_HACK.
freeglut.lib : warning LNK4272: тип компьютера библиотеки "x86" конфликтует с типом целевого компьютера "x64"
V:\KYRSOVA\SOKOBAN1\SOKOBAN\x64\Debug\SOKOBAN.exe : fatal error LNK1120: неразрешенных внешних элементов: 9
